CoreEngine.obj : error LNK2019: unresolved external symbol SDL_GL_SwapWindow referenced in function "private: void __cdecl CoreEngine::Render(void)" (?Render@CoreEngine@@AEAAXXZ)
CoreEngine.obj : error LNK2019: unresolved external symbol SDL_PollEvent referenced in function "public: void __cdecl CoreEngine::EventHandler(void)" (?EventHandler@CoreEngine@@QEAAXXZ)
CoreEngine.obj : error LNK2019: unresolved external symbol SDL_Delay referenced in function "public: void __cdecl CoreEngine::Run(void)" (?Run@CoreEngine@@QEAAXXZ)
CoreEngine.obj : error LNK2019: unresolved external symbol SDL_Quit referenced in function "private: void __cdecl CoreEngine::OnDestroy(void)" (?OnDestroy@CoreEngine@@AEAAXXZ)
Window.obj : error LNK2019: unresolved external symbol SDL_CreateWindow referenced in function "public: bool __cdecl Window::OnCreate(class std::basic_string<char,struct std::char_traits<char>,class std::allocator<char> >,int,int)" (?OnCreate@Window@@QEAA_NV?$basic_string@DU?$char_traits@D@std@@V?$allocator@D@2@@std@@HH@Z)
Window.obj : error LNK2019: unresolved external symbol SDL_DestroyWindow referenced in function "public: void __cdecl Window::OnDestroy(void)" (?OnDestroy@Window@@QEAAXXZ)
Window.obj : error LNK2019: unresolved external symbol SDL_GL_SetAttribute referenced in function "private: void __cdecl Window::SetAttributes(void)" (?SetAttributes@Window@@AEAAXXZ)
Window.obj : error LNK2019: unresolved external symbol SDL_GL_CreateContext referenced in function "public: bool __cdecl Window::OnCreate(class std::basic_string<char,struct std::char_traits<char>,class std::allocator<char> >,int,int)" (?OnCreate@Window@@QEAA_NV?$basic_string@DU?$char_traits@D@std@@V?$allocator@D@2@@std@@HH@Z)
Window.obj : error LNK2019: unresolved external symbol SDL_GL_SetSwapInterval referenced in function "private: void __cdecl Window::SetAttributes(void)" (?SetAttributes@Window@@AEAAXXZ)
Window.obj : error LNK2019: unresolved external symbol SDL_GL_DeleteContext referenced in function "public: void __cdecl Window::OnDestroy(void)" (?OnDestroy@Window@@QEAAXXZ)
Window.obj : error LNK2019: unresolved external symbol SDL_Init referenced in function "public: bool __cdecl Window::OnCreate(class std::basic_string<char,struct std::char_traits<char>,class std::allocator<char> >,int,int)" (?OnCreate@Window@@QEAA_NV?$basic_string@DU?$char_traits@D@std@@V?$allocator@D@2@@std@@HH@Z)
Window.obj : error LNK2019: unresolved external symbol __imp_glewInit referenced in function "public: bool __cdecl Window::OnCreate(class std::basic_string<char,struct std::char_traits<char>,class std::allocator<char> >,int,int)" (?OnCreate@Window@@QEAA_NV?$basic_string@DU?$char_traits@D@std@@V?$allocator@D@2@@std@@HH@Z)
Window.obj : error LNK2001: unresolved external symbol __imp_glewExperimental
Timer.obj : error LNK2019: unresolved external symbol SDL_GetTicks referenced in function "public: unsigned int __cdecl Timer::GetSleepTime(unsigned int)" (?GetSleepTime@Timer@@QEAAII@Z)
Mesh.obj : error LNK2001: unresolved external symbol __imp___glewBindBuffer
Mesh.obj : error LNK2001: unresolved external symbol __imp___glewBufferData
Mesh.obj : error LNK2001: unresolved external symbol __imp___glewDeleteBuffers
Mesh.obj : error LNK2001: unresolved external symbol __imp___glewGenBuffers
Mesh.obj : error LNK2001: unresolved external symbol __imp___glewEnableVertexAttribArray
Mesh.obj : error LNK2001: unresolved external symbol __imp___glewVertexAttribPointer
Mesh.obj : error LNK2001: unresolved external symbol __imp___glewBindVertexArray
Mesh.obj : error LNK2001: unresolved external symbol __imp___glewDeleteVertexArrays
Mesh.obj : error LNK2001: unresolved external symbol __imp___glewGenVertexArrays
Model.obj : error LNK2001: unresolved external symbol __imp___glewUseProgram
ShaderHandler.obj : error LNK2001: unresolved external symbol __imp___glewAttachShader
ShaderHandler.obj : error LNK2001: unresolved external symbol __imp___glewCompileShader
ShaderHandler.obj : error LNK2001: unresolved external symbol __imp___glewCreateProgram
ShaderHandler.obj : error LNK2001: unresolved external symbol __imp___glewCreateShader
ShaderHandler.obj : error LNK2001: unresolved external symbol __imp___glewDeleteProgram
ShaderHandler.obj : error LNK2001: unresolved external symbol __imp___glewDeleteShader
ShaderHandler.obj : error LNK2001: unresolved external symbol __imp___glewGetProgramInfoLog
ShaderHandler.obj : error LNK2001: unresolved external symbol __imp___glewGetProgramiv
ShaderHandler.obj : error LNK2001: unresolved external symbol __imp___glewGetShaderInfoLog
ShaderHandler.obj : error LNK2001: unresolved external symbol __imp___glewGetShaderiv
ShaderHandler.obj : error LNK2001: unresolved external symbol __imp___glewLinkProgram
ShaderHandler.obj : error LNK2001: unresolved external symbol __imp___glewShaderSource
MSVCRTD.lib(exe_main.obj) : error LNK2019: unresolved external symbol main referenced in function "int __cdecl invoke_main(void)" (?invoke_main@@YAHXZ)
C:\GameDev\SDL\lib\SDL2.lib : warning LNK4272: library machine type 'x86' conflicts with target machine type 'x64'
C:\GameDev\SDL\lib\SDL2_image.lib : warning LNK4272: library machine type 'x86' conflicts with target machine type 'x64'
C:\GameDev\SDL\lib\SDL2main.lib : warning LNK4272: library machine type 'x86' conflicts with target machine type 'x64'
C:\GameDev\SDL\lib\SDL2test.lib : warning LNK4272: library machine type 'x86' conflicts with target machine type 'x64'
C:\GameDev\OpenGL\lib\glew32.lib : warning LNK4272: library machine type 'x86' conflicts with target machine type 'x64'
C:\GameDev\OpenGL\lib\glew32s.lib : warning LNK4272: library machine type 'x86' conflicts with target machine type 'x64'
C:\Users\Alexander Dispenza\source\repos\GitHubRepo\GameEngine\GameEngines4\x64\Debug\GameEngines4.exe : fatal error LNK1120: 37 unresolved externals
